[2025-06-03 00:20:18] [Post ID: 35241] AI genereret tekst for post ID: 35241
[2025-06-03 00:22:43] [Post ID: 35241] AI genereret tekst for post ID: 35241
[2025-06-03 01:15:01] [Post ID: 35241] Opslag postet til Facebook med ID: test_1748913301_2038
[2025-06-03 01:16:09] [Post ID: 35241] Opslag postet til Facebook med ID: test_1748913369_7084
[2025-06-03 01:17:28] [Post ID: 35241] Opslag postet til Facebook med ID: test_1748913448_3269
[2025-06-03 01:19:18] [Post ID: 35241] Opslag postet til Facebook med ID: test_1748913558_2692
[2025-06-03 01:31:42] [Post ID: 35241] AI genereret tekst for post ID: 35241
[2025-06-03 01:56:25] Plugin deaktiveret
[2025-06-03 01:56:26] Plugin aktiveret
[2025-06-03 01:56:36] Start tjek af planlagte opslag
[2025-06-03 01:56:36] Fejl: Facebook API indstillinger er ikke gyldige
[2025-06-03 02:10:56] Plugin deaktiveret
[2025-06-03 02:10:56] Plugin aktiveret
[2025-06-03 02:11:06] Start tjek af planlagte opslag
[2025-06-03 02:11:06] Fejl: Facebook API indstillinger er ikke gyldige
[2025-06-03 02:53:29] Plugin deaktiveret
[2025-06-03 02:53:29] Plugin aktiveret
[2025-06-03 02:53:36] Start tjek af planlagte opslag
[2025-06-03 02:53:36] Fejl: Facebook API indstillinger er ikke gyldige
[2025-06-03 04:02:20] Start tjek af planlagte opslag
[2025-06-03 04:02:20] Fejl: Facebook API indstillinger er ikke gyldige
[2025-06-03 05:56:08] Start tjek af planlagte opslag
[2025-06-03 05:56:08] Fejl: Facebook API indstillinger er ikke gyldige
[2025-06-03 07:08:16] Start tjek af planlagte opslag
[2025-06-03 07:08:16] Fejl: Facebook API indstillinger er ikke gyldige
[2025-06-03 07:57:24] Start tjek af planlagte opslag
[2025-06-03 07:57:24] Fejl: Facebook API indstillinger er ikke gyldige
[2025-06-03 08:57:55] Start tjek af planlagte opslag
[2025-06-03 08:57:55] Fejl: Facebook API indstillinger er ikke gyldige
[2025-06-03 09:58:21] Start tjek af planlagte opslag
[2025-06-03 09:58:21] Fejl: Facebook API indstillinger er ikke gyldige
[2025-06-03 10:53:33] Start tjek af planlagte opslag
[2025-06-03 10:53:33] Fejl: Facebook API indstillinger er ikke gyldige
[2025-06-03 11:54:20] Start tjek af planlagte opslag
[2025-06-03 11:54:20] Fejl: Facebook API indstillinger er ikke gyldige
[2025-06-03 12:53:30] Start tjek af planlagte opslag
[2025-06-03 12:53:30] Fejl: Facebook API indstillinger er ikke gyldige
[2025-06-03 13:53:30] Start tjek af planlagte opslag
[2025-06-03 13:53:30] Fejl: Facebook API indstillinger er ikke gyldige
[2025-06-03 14:53:34] Start tjek af planlagte opslag
[2025-06-03 14:53:34] Fejl: Facebook API indstillinger er ikke gyldige
[2025-06-03 15:57:01] Start tjek af planlagte opslag
[2025-06-03 15:57:01] Fejl: Facebook API indstillinger er ikke gyldige
[2025-06-03 16:57:10] Start tjek af planlagte opslag
[2025-06-03 16:57:10] Fejl: Facebook API indstillinger er ikke gyldige
[2025-06-03 17:57:45] Start tjek af planlagte opslag
[2025-06-03 17:57:45] Fejl: Facebook API indstillinger er ikke gyldige
[2025-06-03 18:58:41] Start tjek af planlagte opslag
[2025-06-03 18:58:41] Fejl: Facebook API indstillinger er ikke gyldige
[2025-06-03 19:57:08] Start tjek af planlagte opslag
[2025-06-03 19:57:08] Fejl: Facebook API indstillinger er ikke gyldige
[2025-06-03 21:00:43] Start tjek af planlagte opslag
[2025-06-03 21:00:43] Fejl: Facebook API indstillinger er ikke gyldige
[2025-06-03 22:01:53] Start tjek af planlagte opslag
[2025-06-03 22:01:53] Fejl: Facebook API indstillinger er ikke gyldige
[2025-06-03 22:53:30] Start tjek af planlagte opslag
[2025-06-03 22:53:30] Fejl: Facebook API indstillinger er ikke gyldige
[2025-06-03 23:53:33] Start tjek af planlagte opslag
[2025-06-03 23:53:33] Fejl: Facebook API indstillinger er ikke gyldige
[2025-06-04 00:53:33] Start tjek af planlagte opslag
[2025-06-04 00:53:33] Fejl: Facebook API indstillinger er ikke gyldige
[2025-06-04 01:54:06] Start tjek af planlagte opslag
[2025-06-04 01:54:06] Fejl: Facebook API indstillinger er ikke gyldige
[2025-06-04 02:54:19] Start tjek af planlagte opslag
[2025-06-04 02:54:19] Fejl: Facebook API indstillinger er ikke gyldige
[2025-06-04 03:54:20] Start tjek af planlagte opslag
[2025-06-04 03:54:20] Fejl: Facebook API indstillinger er ikke gyldige
[2025-06-04 22:12:13] Start tjek af planlagte opslag
[2025-06-04 22:12:13] Fejl: Facebook API indstillinger er ikke gyldige
[2025-06-04 22:54:05] Start tjek af planlagte opslag
[2025-06-04 22:54:05] Fejl: Facebook API indstillinger er ikke gyldige
[2025-06-04 23:53:57] Start tjek af planlagte opslag
[2025-06-04 23:53:57] Fejl: Facebook API indstillinger er ikke gyldige
